[debug] [2019-01-30T05:27:58.242Z] ----------------------------------------------------------------------
[debug] [2019-01-30T05:27:58.244Z] Command:       C:\Program Files\nodejs\node.exe C:\Users\sanso\AppData\Roaming\npm\node_modules\firebase-tools\lib\bin\firebase.js init hosting
[debug] [2019-01-30T05:27:58.245Z] CLI Version:   6.3.0
[debug] [2019-01-30T05:27:58.245Z] Platform:      win32
[debug] [2019-01-30T05:27:58.245Z] Node Version:  v8.12.0
[debug] [2019-01-30T05:27:58.245Z] Time:          Wed Jan 30 2019 14:27:58 GMT+0900 (대한민국 표준시)
[debug] [2019-01-30T05:27:58.246Z] ----------------------------------------------------------------------
[debug] 
[debug] [2019-01-30T05:27:58.252Z] > command requires scopes: ["email","openid","https://www.googleapis.com/auth/cloudplatformprojects.readonly","https://www.googleapis.com/auth/firebase","https://www.googleapis.com/auth/cloud-platform"]
[debug] [2019-01-30T05:27:58.253Z] > authorizing via signed-in user
[info] 
     ######## #### ########  ######## ########     ###     ######  ########
     ##        ##  ##     ## ##       ##     ##  ##   ##  ##       ##
     ######    ##  ########  ######   ########  #########  ######  ######
     ##        ##  ##    ##  ##       ##     ## ##     ##       ## ##
     ##       #### ##     ## ######## ########  ##     ##  ######  ########

You're about to initialize a Firebase project in this directory:

  C:\Users\sanso\Desktop\ITlocal\Enneagram

[info] 
=== Project Setup
[info] 
[info] First, let's associate this project directory with a Firebase project.
[info] You can create multiple project aliases by running firebase use --add, 
[info] but for now we'll just set up a default project.
[info] 
[debug] [2019-01-30T05:28:10.415Z] > refreshing access token with scopes: ["email","https://www.googleapis.com/auth/cloud-platform","https://www.googleapis.com/auth/cloudplatformprojects.readonly","https://www.googleapis.com/auth/firebase","openid"]
[debug] [2019-01-30T05:28:10.415Z] >>> HTTP REQUEST POST https://www.googleapis.com/oauth2/v3/token  
 <request body omitted>
[debug] [2019-01-30T05:28:10.739Z] <<< HTTP RESPONSE 200
[debug] [2019-01-30T05:28:10.761Z] >>> HTTP REQUEST GET https://firebase.googleapis.com/v1beta1/projects?page_size=100  
 
[debug] [2019-01-30T05:28:11.939Z] <<< HTTP RESPONSE 200
